\BOOKMARK [1][-]{section.1}{\376\377\000E\000x\000e\000c\000u\000t\000i\000v\000e\000\040\000s\000u\000m\000m\000a\000r\000y}{}% 1
\BOOKMARK [1][-]{section.2}{\376\377\000D\000e\000s\000c\000r\000i\000z\000i\000o\000n\000e\000\040\000d\000e\000l\000l\000'\000a\000p\000p}{}% 2
\BOOKMARK [2][-]{subsection.2.1}{\376\377\000O\000b\000i\000e\000t\000t\000i\000v\000o\000\040\000d\000e\000l\000l\000'\000a\000p\000p\000l\000i\000c\000a\000z\000i\000o\000n\000e}{section.2}% 3
\BOOKMARK [2][-]{subsection.2.2}{\376\377\000T\000i\000p\000o\000l\000o\000g\000i\000a\000\040\000d\000i\000\040\000u\000t\000e\000n\000t\000i}{section.2}% 4
\BOOKMARK [2][-]{subsection.2.3}{\376\377\000P\000r\000o\000b\000l\000e\000m\000a\000\040\000a\000f\000f\000r\000o\000n\000t\000a\000t\000o}{section.2}% 5
\BOOKMARK [2][-]{subsection.2.4}{\376\377\000P\000r\000i\000n\000c\000i\000p\000a\000l\000i\000\040\000s\000c\000e\000n\000a\000r\000i\000\040\000d\000'\000u\000s\000o}{section.2}% 6
\BOOKMARK [1][-]{section.3}{\376\377\000R\000e\000q\000u\000i\000s\000i\000t\000i}{}% 7
\BOOKMARK [2][-]{subsection.3.1}{\376\377\000R\000e\000q\000u\000i\000s\000i\000t\000i\000\040\000f\000u\000n\000z\000i\000o\000n\000a\000l\000i\000\040\000i\000m\000p\000l\000e\000m\000e\000n\000t\000a\000t\000i}{section.3}% 8
\BOOKMARK [2][-]{subsection.3.2}{\376\377\000R\000e\000q\000u\000i\000s\000i\000t\000i\000\040\000n\000o\000n\000\040\000f\000u\000n\000z\000i\000o\000n\000a\000l\000i}{section.3}% 9
\BOOKMARK [2][-]{subsection.3.3}{\376\377\000F\000e\000a\000t\000u\000r\000e\000\040\000a\000v\000a\000n\000z\000a\000t\000e\000\040\000s\000c\000e\000l\000t\000e}{section.3}% 10
\BOOKMARK [2][-]{subsection.3.4}{\376\377\000F\000u\000n\000z\000i\000o\000n\000a\000l\000i\000t\000\340\000\040\000c\000o\000n\000s\000i\000d\000e\000r\000a\000t\000e\000\040\000m\000a\000\040\000n\000o\000n\000\040\000i\000m\000p\000l\000e\000m\000e\000n\000t\000a\000t\000e\000\040\000c\000o\000m\000p\000l\000e\000t\000a\000m\000e\000n\000t\000e}{section.3}% 11
\BOOKMARK [2][-]{subsection.3.5}{\376\377\000L\000i\000m\000i\000t\000a\000z\000i\000o\000n\000i\000\040\000n\000o\000t\000e}{section.3}% 12
\BOOKMARK [1][-]{section.4}{\376\377\000P\000r\000o\000g\000e\000t\000t\000a\000z\000i\000o\000n\000e\000\040\000d\000e\000l\000l\000'\000a\000p\000p}{}% 13
\BOOKMARK [2][-]{subsection.4.1}{\376\377\000S\000t\000r\000u\000t\000t\000u\000r\000a\000\040\000g\000e\000n\000e\000r\000a\000l\000e}{section.4}% 14
\BOOKMARK [2][-]{subsection.4.2}{\376\377\000A\000r\000c\000h\000i\000t\000e\000t\000t\000u\000r\000a\000\040\000l\000o\000g\000i\000c\000a}{section.4}% 15
\BOOKMARK [2][-]{subsection.4.3}{\376\377\000F\000l\000u\000s\000s\000o\000\040\000d\000i\000\040\000n\000a\000v\000i\000g\000a\000z\000i\000o\000n\000e}{section.4}% 16
\BOOKMARK [2][-]{subsection.4.4}{\376\377\000O\000r\000g\000a\000n\000i\000z\000z\000a\000z\000i\000o\000n\000e\000\040\000d\000e\000i\000\040\000d\000a\000t\000i}{section.4}% 17
\BOOKMARK [1][-]{section.5}{\376\377\000D\000e\000s\000i\000g\000n\000\040\000d\000e\000l\000l\000'\000a\000p\000p}{}% 18
\BOOKMARK [2][-]{subsection.5.1}{\376\377\000O\000b\000i\000e\000t\000t\000i\000v\000o\000\040\000d\000e\000l\000\040\000d\000e\000s\000i\000g\000n}{section.5}% 19
\BOOKMARK [2][-]{subsection.5.2}{\376\377\000L\000o\000g\000o\000\040\000d\000e\000l\000l\000'\000a\000p\000p}{section.5}% 20
\BOOKMARK [2][-]{subsection.5.3}{\376\377\000W\000i\000r\000e\000f\000r\000a\000m\000e\000\040\000i\000n\000i\000z\000i\000a\000l\000i}{section.5}% 21
\BOOKMARK [2][-]{subsection.5.4}{\376\377\000S\000c\000e\000l\000t\000a\000\040\000d\000e\000i\000\040\000c\000o\000l\000o\000r\000i\000\040\000e\000\040\000d\000e\000l\000\040\000t\000e\000m\000a}{section.5}% 22
\BOOKMARK [2][-]{subsection.5.5}{\376\377\000S\000c\000e\000l\000t\000a\000\040\000d\000e\000l\000\040\000f\000o\000n\000t\000\040\000e\000\040\000o\000r\000g\000a\000n\000i\000z\000z\000a\000z\000i\000o\000n\000e\000\040\000d\000e\000i\000\040\000t\000e\000s\000t\000i}{section.5}% 23
\BOOKMARK [2][-]{subsection.5.6}{\376\377\000S\000t\000i\000l\000e\000\040\000d\000e\000l\000l\000'\000i\000n\000t\000e\000r\000f\000a\000c\000c\000i\000a}{section.5}% 24
\BOOKMARK [2][-]{subsection.5.7}{\376\377\000S\000c\000h\000e\000r\000m\000a\000t\000e\000\040\000f\000i\000n\000a\000l\000i\000\040\000d\000e\000l\000l\000'\000a\000p\000p}{section.5}% 25
\BOOKMARK [2][-]{subsection.5.8}{\376\377\000P\000a\000s\000s\000a\000g\000g\000i\000o\000\040\000d\000a\000i\000\040\000w\000i\000r\000e\000f\000r\000a\000m\000e\000\040\000a\000l\000l\000'\000a\000p\000p\000\040\000f\000i\000n\000a\000l\000e}{section.5}% 26
\BOOKMARK [1][-]{section.6}{\376\377\000S\000c\000e\000l\000t\000e\000\040\000t\000e\000c\000n\000o\000l\000o\000g\000i\000c\000h\000e}{}% 27
\BOOKMARK [2][-]{subsection.6.1}{\376\377\000M\000o\000d\000a\000l\000i\000t\000\340\000\040\000d\000i\000\040\000p\000e\000r\000s\000i\000s\000t\000e\000n\000z\000a}{section.6}% 28
\BOOKMARK [1][-]{section.7}{\376\377\000I\000m\000p\000l\000e\000m\000e\000n\000t\000a\000z\000i\000o\000n\000e}{}% 29
\BOOKMARK [2][-]{subsection.7.1}{\376\377\000O\000r\000g\000a\000n\000i\000z\000z\000a\000z\000i\000o\000n\000e\000\040\000d\000e\000l\000\040\000c\000o\000d\000i\000c\000e}{section.7}% 30
\BOOKMARK [2][-]{subsection.7.2}{\376\377\000C\000o\000m\000p\000o\000n\000e\000n\000t\000i\000\040\000p\000r\000i\000n\000c\000i\000p\000a\000l\000i}{section.7}% 31
\BOOKMARK [2][-]{subsection.7.3}{\376\377\000G\000e\000s\000t\000i\000o\000n\000e\000\040\000d\000e\000l\000l\000o\000\040\000s\000t\000a\000t\000o\000\040\000e\000\040\000p\000a\000s\000s\000a\000g\000g\000i\000o\000\040\000d\000e\000i\000\040\000d\000a\000t\000i}{section.7}% 32
\BOOKMARK [2][-]{subsection.7.4}{\376\377\000G\000e\000s\000t\000i\000o\000n\000e\000\040\000d\000e\000l\000l\000a\000\040\000n\000a\000v\000i\000g\000a\000z\000i\000o\000n\000e}{section.7}% 33
\BOOKMARK [2][-]{subsection.7.5}{\376\377\000V\000a\000l\000i\000d\000a\000z\000i\000o\000n\000e\000\040\000e\000\040\000i\000n\000t\000e\000g\000r\000i\000t\000\340}{section.7}% 34
\BOOKMARK [2][-]{subsection.7.6}{\376\377\000A\000l\000l\000e\000n\000a\000m\000e\000n\000t\000o\000\040\000g\000u\000i\000d\000a\000t\000o}{section.7}% 35
\BOOKMARK [2][-]{subsection.7.7}{\376\377\000S\000t\000a\000t\000i\000s\000t\000i\000c\000h\000e\000\040\000e\000\040\000i\000n\000d\000i\000c\000a\000t\000o\000r\000i}{section.7}% 36
\BOOKMARK [2][-]{subsection.7.8}{\376\377\000R\000i\000c\000e\000r\000c\000a\000,\000\040\000f\000i\000l\000t\000r\000i\000\040\000e\000\040\000o\000r\000d\000i\000n\000a\000m\000e\000n\000t\000o}{section.7}% 37
\BOOKMARK [2][-]{subsection.7.9}{\376\377\000G\000e\000s\000t\000i\000o\000n\000e\000\040\000d\000e\000i\000\040\000d\000a\000t\000i\000\040\000p\000e\000r\000s\000i\000s\000t\000e\000n\000t\000i}{section.7}% 38
\BOOKMARK [2][-]{subsection.7.10}{\376\377\000P\000a\000r\000t\000i\000\040\000p\000i\000\371\000\040\000s\000i\000g\000n\000i\000f\000i\000c\000a\000t\000i\000v\000e\000\040\000e\000\040\000d\000i\000f\000f\000i\000c\000o\000l\000t\000\340\000\040\000i\000n\000c\000o\000n\000t\000r\000a\000t\000e}{section.7}% 39
\BOOKMARK [1][-]{section.8}{\376\377\000V\000e\000r\000i\000f\000i\000c\000a\000\040\000d\000e\000l\000\040\000p\000r\000o\000t\000o\000t\000i\000p\000o}{}% 40
\BOOKMARK [2][-]{subsection.8.1}{\376\377\000C\000o\000n\000t\000r\000o\000l\000l\000i\000\040\000e\000s\000e\000g\000u\000i\000t\000i}{section.8}% 41
\BOOKMARK [2][-]{subsection.8.2}{\376\377\000P\000i\000a\000n\000o\000\040\000d\000i\000\040\000c\000o\000l\000l\000a\000u\000d\000o\000\040\000m\000a\000n\000u\000a\000l\000e}{section.8}% 42
\BOOKMARK [1][-]{section.9}{\376\377\000I\000s\000t\000r\000u\000z\000i\000o\000n\000i\000\040\000p\000e\000r\000\040\000l\000'\000e\000s\000e\000c\000u\000z\000i\000o\000n\000e}{}% 43
\BOOKMARK [2][-]{subsection.9.1}{\376\377\000P\000r\000e\000r\000e\000q\000u\000i\000s\000i\000t\000i}{section.9}% 44
\BOOKMARK [2][-]{subsection.9.2}{\376\377\000I\000n\000s\000t\000a\000l\000l\000a\000z\000i\000o\000n\000e\000\040\000e\000\040\000a\000v\000v\000i\000o}{section.9}% 45
\BOOKMARK [2][-]{subsection.9.3}{\376\377\000C\000o\000m\000a\000n\000d\000i\000\040\000a\000g\000g\000i\000u\000n\000t\000i\000v\000i}{section.9}% 46
\BOOKMARK [2][-]{subsection.9.4}{\376\377\000R\000e\000p\000o\000s\000i\000t\000o\000r\000y}{section.9}% 47
\BOOKMARK [1][-]{section.10}{\376\377\000C\000o\000n\000c\000l\000u\000s\000i\000o\000n\000i\000\040\000e\000\040\000s\000v\000i\000l\000u\000p\000p\000i\000\040\000f\000u\000t\000u\000r\000i}{}% 48
